TN:
SF:/home/fluidbyte/workspace/ta/modli/core/src/index.js
FN:23,use
FNF:1
FNH:1
FNDA:1,use
DA:8,1
DA:12,1
DA:14,1
DA:16,1
DA:23,1
DA:25,1
DA:26,1
DA:28,1
DA:34,1
DA:35,1
DA:36,1
DA:37,1
LF:12
LH:12
BRF:0
BRH:0
end_of_record
TN:
SF:/home/fluidbyte/workspace/ta/modli/core/src/lib/model.js
FN:29,(anonymous_1)
FN:41,(anonymous_2)
FN:55,(anonymous_3)
FN:64,validate
FN:67,(anonymous_5)
FN:74,sanitize
FN:76,itt
FN:97,(anonymous_8)
FNF:8
FNH:8
FNDA:4,(anonymous_1)
FNDA:11,(anonymous_2)
FNDA:3,(anonymous_3)
FNDA:9,validate
FNDA:9,(anonymous_5)
FNDA:2,sanitize
FNDA:3,itt
FNDA:5,(anonymous_8)
DA:6,1
DA:9,1
DA:11,1
DA:16,1
DA:18,1
DA:23,1
DA:29,1
DA:31,4
DA:32,1
DA:35,3
DA:37,2
DA:40,3
DA:41,3
DA:42,11
DA:43,5
DA:47,3
DA:55,1
DA:57,3
DA:58,1
DA:61,2
DA:65,9
DA:67,9
DA:68,9
DA:69,5
DA:71,4
DA:75,2
DA:76,2
DA:77,3
DA:78,9
DA:79,1
DA:80,8
DA:81,2
DA:84,3
DA:86,2
DA:97,1
DA:98,5
DA:100,2
DA:102,3
DA:109,1
LF:39
LH:39
BRDA:31,1,0,1
BRDA:31,1,1,3
BRDA:31,2,0,4
BRDA:31,2,1,3
BRDA:31,2,2,3
BRDA:35,3,0,2
BRDA:35,3,1,1
BRDA:42,4,0,5
BRDA:42,4,1,6
BRDA:42,5,0,11
BRDA:42,5,1,8
BRDA:57,6,0,1
BRDA:57,6,1,2
BRDA:65,7,0,9
BRDA:65,7,1,7
BRDA:68,8,0,5
BRDA:68,8,1,4
BRDA:75,9,0,2
BRDA:75,9,1,1
BRDA:78,10,0,1
BRDA:78,10,1,8
BRDA:78,11,0,9
BRDA:78,11,1,7
BRDA:80,12,0,2
BRDA:80,12,1,6
BRDA:98,13,0,2
BRDA:98,13,1,3
BRF:27
BRH:27
end_of_record
TN:
SF:/home/fluidbyte/workspace/ta/modli/core/src/lib/adapter.js
FN:23,(anonymous_1)
FN:45,(anonymous_2)
FNF:2
FNH:2
FNDA:4,(anonymous_1)
FNDA:4,(anonymous_2)
DA:7,1
DA:10,1
DA:12,1
DA:17,1
DA:23,1
DA:25,4
DA:26,1
DA:33,3
DA:45,1
DA:46,4
DA:48,4
DA:49,1
DA:51,3
DA:52,3
DA:53,2
DA:55,1
DA:58,3
LF:17
LH:17
BRDA:25,1,0,1
BRDA:25,1,1,3
BRDA:25,2,0,4
BRDA:25,2,1,3
BRDA:25,2,2,3
BRDA:48,3,0,1
BRDA:48,3,1,3
BRDA:52,4,0,2
BRDA:52,4,1,1
BRF:9
BRH:9
end_of_record
